In file included from ./src/boost/libs/dll/include/boost/dll.hpp:20,       
                 from ./src/boost.cppm:209:
./src/boost/libs/dll/include/boost/dll/runtime_symbol_info.hpp:186:40: error: exporting declaration 'boost::filesystem::path boost::dll::__anonymous_2720__::this_line_location(std::error_code&)' with internal linkage
  186 |     static inline boost::dll::fs::path this_line_location(std::error_code& ec) {
      |                                        ^~~~~~~~~~~~~~~~~~
./src/boost/libs/dll/include/boost/dll/runtime_symbol_info.hpp:193:40: error: exporting declaration 'boost::filesystem::path boost::dll::__anonymous_2720__::this_line_location()' with internal linkage
  193 |     static inline boost::dll::fs::path this_line_location() {      
      |                                        ^~~~~~~~~~~~~~~~~~
In file included from ./src/boost/libs/unordered/include/boost/unordered/detail/set.hpp:7,
                 from ./src/boost/libs/unordered/include/boost/unordered/unordered_set.hpp:19,
                 from ./src/boost/libs/unordered/include/boost/unordered_set.hpp:17,
                 from ./src/boost/libs/graph/include/boost/graph/adjacency_list.hpp:20,
                 from ./src/boost.cppm:217:
./src/boost/libs/unordered/include/boost/unordered/detail/implementation.hpp:93:26: error: exporting declaration 'boost::unordered::detail::minimum_max_load_factor' with internal linkage
   93 |       static const float minimum_max_load_factor = 1e-3f;
      |                          ^~~~~~~~~~~~~~~~~~~~~~~
./src/boost/libs/unordered/include/boost/unordered/detail/implementation.hpp:94:32: error: exporting declaration 'boost::unordered::detail::default_bucket_count' with internal linkage
   94 |       static const std::size_t default_bucket_count = 0;
      |                                ^~~~~~~~~~~~~~~~~~~~
In file included from ./src/boost/libs/graph/include/boost/graph/astar_search.hpp:20,
                 from ./src/boost.cppm:219:
./src/boost/libs/graph/include/boost/graph/named_function_params.hpp:847:9error: exporting declaration 'boost::detail::make_color_map_from_arg_pack' with internal linkage
  847 |         make_color_map_from_arg_pack(white_color);
      |         ^~~~~~~~~~~~~~~~~~~~~~~~~~~~
In file included from ./src/boost/libs/spirit/include/boost/spirit/home/classic/iterator.hpp:23,
                 from ./src/boost/libs/spirit/include/boost/spirit/home/classic.hpp:27,
                 from ./src/boost.cppm:230:
./src/boost/libs/spirit/include/boost/spirit/home/classic/iterator/multi_pass.hpp: In member function 'void boost::spirit::classic::multi_pass_policies::lex_input::inner<InputT>::advance_input()':
./src/boost/libs/spirit/include/boost/spirit/home/classic/iterator/multi_pass.hpp:648:24: error: block-scope extern declaration 'int boost::spirit::classic::multi_pass_policies::yylex()' must not be attached to a named module [-Wtemplate-body]
  648 |             extern int yylex();
      |                        ^~~~~
In file included from ./src/boost/libs/spirit/include/boost/spirit/home/karma/directive.hpp:27,
                 from ./src/boost/libs/spirit/include/boost/spirit/home/karma.hpp:19,
                 from ./src/boost.cppm:231:
./src/boost/libs/spirit/include/boost/spirit/home/karma/directive/maxwidth.hpp: At global scope:
./src/boost/libs/spirit/include/boost/spirit/home/karma/directive/maxwidth.hpp:103:9: error: exporting declaration 'bool boost::spirit::karma::detail::maxwidth_generate(OutputIterator&, Context&, const Delimiter&, const Attribute&, const Embedded&, unsigned int, Rest&)' with internal linkage        
  103 |         maxwidth_generate(OutputIterator& sink, Context& ctx,      
      |         ^~~~~~~~~~~~~~~~~
In file included from ./src/boost/libs/charconv/include/boost/charconv/detail/fast_float/decimal_to_binary.hpp:12,
                 from ./src/boost/libs/charconv/include/boost/charconv/detail/fast_float/parse_number.hpp:12,
                 from ./src/boost/libs/charconv/include/boost/charconv/detail/fast_float/fast_float.hpp:47,
                 from F:\cpp-module-builder\src\boost\libs\charconv\src\from_chars.cpp:16,
                 from ./src/boost.cppm:237:
./src/boost/libs/charconv/include/boost/charconv/detail/fast_float/fast_table.hpp:702:11: error: 'static' may not be used when defining (as opposed to declaring) a static data member [-fpermissive]
  702 | constexpr static uint64_t powers_template<unused>::power_of_five_128[number_of_entries];
      |           ^~~~~~
In file included from F:\cpp-module-builder\src\boost\libs\locale\src\icu\collator.cpp:11,
                 from ./src/boost.cppm:273:
F:/cpp-module-builder/src/boost/libs/locale/src/shared/std_collate_adapter.hpp:43:24: error: exporting declaration 'std::locale boost::locale::impl::create_collators(const std::locale&, TArgs&& ...)' with internal linkage    
   43 |     static std::locale create_collators(const std::locale& in, TArgs&&... args)
      |                        ^~~~~~~~~~~~~~~~
F:/cpp-module-builder/src/boost/libs/locale/src/shared/std_collate_adapter.hpp:51:24: error: exporting declaration 'std::locale boost::locale::impl::create_collators(const std::locale&, TArgs&& ...)' with internal linkage    
   51 |     static std::locale create_collators(const std::locale& in, TArgs&&... args)
      |                        ^~~~~~~~~~~~~~~~
In file included from ./src/boost/libs/thread/include/boost/thread/win32/thread_data.hpp:13,
                 from ./src/boost/libs/thread/include/boost/thread/thread_only.hpp:15,
                 from ./src/boost/libs/thread/include/boost/thread/thread.hpp:12,
                 from ./src/boost/libs/thread/include/boost/thread.hpp:13, 
                 from F:\cpp-module-builder\src\boost\libs\locale\src\icu\collator.cpp:16:
./src/boost/libs/thread/include/boost/thread/detail/platform_time.hpp:223:37: error: exporting declaration 'boost::detail::platform_duration boost::detail::platform_milliseconds(const long int&)' with internal linkage        
  223 |     static inline platform_duration platform_milliseconds(long const& ms)
      |                                     ^~~~~~~~~~~~~~~~~~~~~
In file included from ./src/boost.cppm:275:
F:\cpp-module-builder\src\boost\libs\locale\src\icu\date_time.cpp:26:17: error: exporting declaration 'void boost::locale::impl_icu::check_and_throw_dt(UErrorCode&)' with internal linkage
   26 |     static void check_and_throw_dt(UErrorCode& e)
      |                 ^~~~~~~~~~~~~~~~~~
F:\cpp-module-builder\src\boost\libs\locale\src\icu\date_time.cpp:33:32: error: exporting declaration 'UCalendarDateFields boost::locale::impl_icu::to_icu(boost::locale::period::marks::period_mark)' with internal linkage     
   33 |     static UCalendarDateFields to_icu(period::marks::period_mark f)
      |                                ^~~~~~
In file included from ./src/boost.cppm:283:
F:\cpp-module-builder\src\boost\libs\locale\src\icu\numeric.cpp:43:21: error: exporting declaration 'bool boost::locale::impl_icu::detail::use_parent(std::ios_base&)' with internal linkage
   43 |         static bool use_parent(std::ios_base& ios)
      |                     ^~~~~~~~~~
In file included from ./src/boost.cppm:292:
F:\cpp-module-builder\src\boost\libs\locale\src\shared\localization_backend.cpp:31:50: error: exporting declaration 'std::unique_ptr<boost::locale::localization_backend> boost::locale::clone(const localization_backend&)' with internal linkage
   31 |     static std::unique_ptr<localization_backend> clone(const localization_backend& backend)
      |                                                  ^~~~~
In file included from ./src/boost.cppm:306:
F:\cpp-module-builder\src\boost\libs\locale\src\util\codecvt_converter.cpp:264:24: error: exporting declaration 'std::locale boost::locale::util::do_create_codecvt(const std::locale&, std::unique_ptr<base_converter>)' with internal linkage
  264 |     static std::locale do_create_codecvt(const std::locale& in, std::unique_ptr<base_converter> cvt)
      |                        ^~~~~~~~~~~~~~~~~
In file included from F:\cpp-module-builder\src\boost\libs\locale\src\util\encoding.cpp:11,
                 from ./src/boost.cppm:308:
F:\cpp-module-builder\src\boost\libs\locale\src\util\win_codepages.hpp:20:29: error: exporting declaration 'boost::locale::util::all_windows_encoding' with internal linkage
   20 |     static windows_encoding all_windows_encodings[] = {
      |                             ^~~~~~~~~~~~~~~~~~~~~
F:\cpp-module-builder\src\boost\libs\locale\src\util\encoding.cpp:35:16: error: exporting declaration 'int boost::locale::util::normalized_encoding_to_windows_codepage(const std::string&)' with internal linkage
   35 |     static int normalized_encoding_to_windows_codepage(const std::string& encoding)
      |                ^~~~~~~~~~~~~~~~~~~~~~~~~~~~~~~~~~~~~~~
In file included from ./src/boost.cppm:314:
F:\cpp-module-builder\src\boost\libs\locale\src\util\locale_data.cpp:18:17error: exporting declaration 'bool boost::locale::util::make_lower(char&)' with internal linkage
   18 |     static bool make_lower(char& c)
      |                 ^~~~~~~~~~
F:\cpp-module-builder\src\boost\libs\locale\src\util\locale_data.cpp:28:17error: exporting declaration 'bool boost::locale::util::make_upper(char&)' with internal linkage
   28 |     static bool make_upper(char& c)
      |                 ^~~~~~~~~~
In file included from ./src/boost.cppm:324:
F:\cpp-module-builder\src\boost\libs\locale\src\win32\lcid.cpp:25:33: error: exporting declaration 'boost::locale::impl_win::table' with internal linkage
   25 |     static table_type* volatile table = 0;
      |                                 ^~~~~
In file included from F:\cpp-module-builder\src\boost\libs\process\src\detail\process_handle_windows.cpp:13,
                 from ./src/boost.cppm:335:
./src/boost/libs/process/include/boost/process/v2/ext/detail/proc_info.hpp:21:23: error: expected initializer before 'RtlNtStatusToDosError'
   21 |  extern "C" ULONG API RtlNtStatusToDosError(NTSTATUS Status);      
      |                       ^~~~~~~~~~~~~~~~~~~~~
In file included from ./src/boost.cppm:347:
F:\cpp-module-builder\src\boost\libs\thread\src\win32\thread.cpp:580:39: error: exporting declaration 'BOOL boost::this_thread::detail_::SetWaitableTimerEx_emulation(HANDLE, const LARGE_INTEGER*, LONG, PTIMERAPCROUTINE, LPVOID, PREASON_CONTEXT, ULONG)' with internal linkage
  580 |             static inline BOOL WINAPI SetWaitableTimerEx_emulation(HANDLE hTimer, const LARGE_INTEGER *lpDueTime, LONG lPeriod, PTIMERAPCROUTINE pfnCompletionRoutine, LPVOID lpArgToCompletionRoutine, PREASON_CONTEXT WakeContext, ULONG TolerableDelay)
      |                                       ^~~~~~~~~~~~~~~~~~~~~~~~~~~~ 
F:\cpp-module-builder\src\boost\libs\thread\src\win32\thread.cpp:588:48: error: exporting declaration 'BOOL (* boost::this_thread::detail_::SetWaitableTimerEx())(HANDLE, const LARGE_INTEGER*, LONG, PTIMERAPCROUTINE, LPVOID, PREASON_CONTEXT, ULONG)' with internal linkage
  588 |             static inline setwaitabletimerex_t SetWaitableTimerEx()
      |                                                ^~~~~~~~~~~~~~~~~~ 